{"name": "test_search_without_providing_any_product", "status": "failed", "statusDetails": {"message": "AssertionError: assert False\n +  where False = <method-wrapper '__eq__' of str object at 0x00000205837E1A10>('There is no product that matches the search criteria.%')\n +    where <method-wrapper '__eq__' of str object at 0x00000205837E1A10> = 'There is no product that matches the search criteria.'.__eq__\n +      where 'There is no product that matches the search criteria.' = retrieve_no_product_message()\n +        where retrieve_no_product_message = <Pages.SearchPage.SearchPage object at 0x0000020583727890>.retrieve_no_product_message", "trace": "self = <test.test_search.TestSearch object at 0x0000020583716780>\n\n    def test_search_without_providing_any_product(self):\n        home_page = HomePage(self.driver)\n        search_page = home_page.search_for_a_product(\"\")\n        expected_text = \"There is no product that matches the search criteria.%\"\n>       assert search_page.retrieve_no_product_message().__eq__(expected_text)\nE       AssertionError: assert False\nE        +  where False = <method-wrapper '__eq__' of str object at 0x00000205837E1A10>('There is no product that matches the search criteria.%')\nE        +    where <method-wrapper '__eq__' of str object at 0x00000205837E1A10> = 'There is no product that matches the search criteria.'.__eq__\nE        +      where 'There is no product that matches the search criteria.' = retrieve_no_product_message()\nE        +        where retrieve_no_product_message = <Pages.SearchPage.SearchPage object at 0x0000020583727890>.retrieve_no_product_message\n\ntest\\test_search.py:24: AssertionError"}, "start": 1741966106853, "stop": 1741966107358, "uuid": "ff182574-1f0b-4947-9b94-615d16851a51", "historyId": "9c077e30a245b7ebeda583a123ed47ce", "testCaseId": "9c077e30a245b7ebeda583a123ed47ce", "fullName": "test.test_search.TestSearch#test_search_without_providing_any_product", "labels": [{"name": "tag", "value": "@pytest.mark.usefixtures('setup_and_teardown', 'log_on_failure')"}, {"name": "parentSuite", "value": "test"}, {"name": "suite", "value": "test_search"}, {"name": "subSuite", "value": "TestSearch"}, {"name": "host", "value": "DESKTOP-4QQQRPA"}, {"name": "thread", "value": "15484-MainThread"}, {"name": "framework", "value": "pytest"}, {"name": "language", "value": "cpython3"}, {"name": "package", "value": "test.test_search"}]}